2017-06-25 21:08:33,554 INFO  [main]: Using default implementation for ThreadExecutor
 2017-06-25 21:08:33,566 INFO  [main]: Job execution threads will use class loader of thread: main
 2017-06-25 21:08:33,594 INFO  [main]: Initialized Scheduler Signaller of type: class org.quartz.core.SchedulerSignalerImpl
 2017-06-25 21:08:33,595 INFO  [main]: Quartz Scheduler v.2.3.0 created.
 2017-06-25 21:08:33,605 INFO  [main]: RAMJobStore initialized.
 2017-06-25 21:08:33,607 INFO  [main]: Scheduler meta-data: Quartz Scheduler (v2.3.0) 'DefaultQuartzScheduler' with instanceId 'NON_CLUSTERED'
  Scheduler class: 'org.quartz.core.QuartzScheduler' - running locally.
  NOT STARTED.
  Currently in standby mode.
  Number of jobs executed: 0
  Using thread pool 'org.quartz.simpl.SimpleThreadPool' - with 10 threads.
  Using job-store 'org.quartz.simpl.RAMJobStore' - which does not support persistence. and is not clustered.

 2017-06-25 21:08:33,608 INFO  [main]: Quartz scheduler 'DefaultQuartzScheduler' initialized from default resource file in Quartz package: 'quartz.properties'
 2017-06-25 21:08:33,608 INFO  [main]: Quartz scheduler version: 2.3.0
 2017-06-25 21:08:33,609 INFO  [main]: Scheduler DefaultQuartzScheduler_$_NON_CLUSTERED started.
 2017-06-25 21:08:33,609 DEBUG [DefaultQuartzScheduler_QuartzSchedulerThread]: batch acquisition of 0 triggers
 2017-06-25 21:08:33,632 DEBUG [DefaultQuartzScheduler_QuartzSchedulerThread]: batch acquisition of 1 triggers
 2017-06-25 21:08:33,636 DEBUG [DefaultQuartzScheduler_QuartzSchedulerThread]: Producing instance of Job 'group1.myJob', class=com.coderdream.quartz.HelloJob
 2017-06-25 21:08:33,641 DEBUG [DefaultQuartzScheduler_QuartzSchedulerThread]: batch acquisition of 1 triggers
 2017-06-25 21:08:33,641 DEBUG [DefaultQuartzScheduler_Worker-1]: Calling execute on job group1.myJob
 2017-06-25 21:08:35,071 DEBUG [DefaultQuartzScheduler_QuartzSchedulerThread]: Producing instance of Job 'group1.myJob', class=com.coderdream.quartz.HelloJob
 2017-06-25 21:08:35,072 DEBUG [DefaultQuartzScheduler_QuartzSchedulerThread]: batch acquisition of 1 triggers
 2017-06-25 21:08:35,072 DEBUG [DefaultQuartzScheduler_Worker-2]: Calling execute on job group1.myJob
 2017-06-25 21:40:55,144 INFO  [main]: Using default implementation for ThreadExecutor
 2017-06-25 21:40:55,153 INFO  [main]: Job execution threads will use class loader of thread: main
 2017-06-25 21:40:55,177 INFO  [main]: Initialized Scheduler Signaller of type: class org.quartz.core.SchedulerSignalerImpl
 2017-06-25 21:40:55,177 INFO  [main]: Quartz Scheduler v.2.3.0 created.
 2017-06-25 21:40:55,182 INFO  [main]: RAMJobStore initialized.
 2017-06-25 21:40:55,183 INFO  [main]: Scheduler meta-data: Quartz Scheduler (v2.3.0) 'DefaultQuartzScheduler' with instanceId 'NON_CLUSTERED'
  Scheduler class: 'org.quartz.core.QuartzScheduler' - running locally.
  NOT STARTED.
  Currently in standby mode.
  Number of jobs executed: 0
  Using thread pool 'org.quartz.simpl.SimpleThreadPool' - with 10 threads.
  Using job-store 'org.quartz.simpl.RAMJobStore' - which does not support persistence. and is not clustered.

 2017-06-25 21:40:55,184 INFO  [main]: Quartz scheduler 'DefaultQuartzScheduler' initialized from default resource file in Quartz package: 'quartz.properties'
 2017-06-25 21:40:55,184 INFO  [main]: Quartz scheduler version: 2.3.0
 2017-06-25 21:40:55,184 INFO  [main]: Scheduler DefaultQuartzScheduler_$_NON_CLUSTERED started.
 2017-06-25 21:40:55,185 DEBUG [DefaultQuartzScheduler_QuartzSchedulerThread]: batch acquisition of 0 triggers
 2017-06-25 21:40:55,209 DEBUG [DefaultQuartzScheduler_QuartzSchedulerThread]: batch acquisition of 1 triggers
 2017-06-25 21:40:55,212 DEBUG [DefaultQuartzScheduler_QuartzSchedulerThread]: Producing instance of Job 'group1.myJob', class=com.coderdream.quartz.HelloJob
 2017-06-25 21:40:55,217 DEBUG [DefaultQuartzScheduler_QuartzSchedulerThread]: batch acquisition of 1 triggers
 2017-06-25 21:40:55,218 DEBUG [DefaultQuartzScheduler_Worker-1]: Calling execute on job group1.myJob
 2017-06-25 21:40:56,836 DEBUG [DefaultQuartzScheduler_QuartzSchedulerThread]: Producing instance of Job 'group1.myJob', class=com.coderdream.quartz.HelloJob
 2017-06-25 21:40:56,837 DEBUG [DefaultQuartzScheduler_QuartzSchedulerThread]: batch acquisition of 1 triggers
 2017-06-25 21:40:56,837 DEBUG [DefaultQuartzScheduler_Worker-2]: Calling execute on job group1.myJob
 