2017-06-25 21:08:33,554 INFO  [main] [org.quartz.impl.StdSchedulerFactory.instantiate(StdSchedulerFactory.java:1208)]: Using default implementation for ThreadExecutor
 2017-06-25 21:08:33,566 INFO  [main] [org.quartz.simpl.SimpleThreadPool.initialize(SimpleThreadPool.java:268)]: Job execution threads will use class loader of thread: main
 2017-06-25 21:08:33,594 INFO  [main] [org.quartz.core.SchedulerSignalerImpl.<init>(SchedulerSignalerImpl.java:61)]: Initialized Scheduler Signaller of type: class org.quartz.core.SchedulerSignalerImpl
 2017-06-25 21:08:33,595 INFO  [main] [org.quartz.core.QuartzScheduler.<init>(QuartzScheduler.java:229)]: Quartz Scheduler v.2.3.0 created.
 2017-06-25 21:08:33,605 INFO  [main] [org.quartz.simpl.RAMJobStore.initialize(RAMJobStore.java:155)]: RAMJobStore initialized.
 2017-06-25 21:08:33,607 INFO  [main] [org.quartz.core.QuartzScheduler.initialize(QuartzScheduler.java:294)]: Scheduler meta-data: Quartz Scheduler (v2.3.0) 'DefaultQuartzScheduler' with instanceId 'NON_CLUSTERED'
  Scheduler class: 'org.quartz.core.QuartzScheduler' - running locally.
  NOT STARTED.
  Currently in standby mode.
  Number of jobs executed: 0
  Using thread pool 'org.quartz.simpl.SimpleThreadPool' - with 10 threads.
  Using job-store 'org.quartz.simpl.RAMJobStore' - which does not support persistence. and is not clustered.

 2017-06-25 21:08:33,608 INFO  [main] [org.quartz.impl.StdSchedulerFactory.instantiate(StdSchedulerFactory.java:1362)]: Quartz scheduler 'DefaultQuartzScheduler' initialized from default resource file in Quartz package: 'quartz.properties'
 2017-06-25 21:08:33,608 INFO  [main] [org.quartz.impl.StdSchedulerFactory.instantiate(StdSchedulerFactory.java:1366)]: Quartz scheduler version: 2.3.0
 2017-06-25 21:08:33,609 INFO  [main] [org.quartz.core.QuartzScheduler.start(QuartzScheduler.java:547)]: Scheduler DefaultQuartzScheduler_$_NON_CLUSTERED started.
 2017-06-25 21:40:55,144 INFO  [main] [org.quartz.impl.StdSchedulerFactory.instantiate(StdSchedulerFactory.java:1208)]: Using default implementation for ThreadExecutor
 2017-06-25 21:40:55,153 INFO  [main] [org.quartz.simpl.SimpleThreadPool.initialize(SimpleThreadPool.java:268)]: Job execution threads will use class loader of thread: main
 2017-06-25 21:40:55,177 INFO  [main] [org.quartz.core.SchedulerSignalerImpl.<init>(SchedulerSignalerImpl.java:61)]: Initialized Scheduler Signaller of type: class org.quartz.core.SchedulerSignalerImpl
 2017-06-25 21:40:55,177 INFO  [main] [org.quartz.core.QuartzScheduler.<init>(QuartzScheduler.java:229)]: Quartz Scheduler v.2.3.0 created.
 2017-06-25 21:40:55,182 INFO  [main] [org.quartz.simpl.RAMJobStore.initialize(RAMJobStore.java:155)]: RAMJobStore initialized.
 2017-06-25 21:40:55,183 INFO  [main] [org.quartz.core.QuartzScheduler.initialize(QuartzScheduler.java:294)]: Scheduler meta-data: Quartz Scheduler (v2.3.0) 'DefaultQuartzScheduler' with instanceId 'NON_CLUSTERED'
  Scheduler class: 'org.quartz.core.QuartzScheduler' - running locally.
  NOT STARTED.
  Currently in standby mode.
  Number of jobs executed: 0
  Using thread pool 'org.quartz.simpl.SimpleThreadPool' - with 10 threads.
  Using job-store 'org.quartz.simpl.RAMJobStore' - which does not support persistence. and is not clustered.

 2017-06-25 21:40:55,184 INFO  [main] [org.quartz.impl.StdSchedulerFactory.instantiate(StdSchedulerFactory.java:1362)]: Quartz scheduler 'DefaultQuartzScheduler' initialized from default resource file in Quartz package: 'quartz.properties'
 2017-06-25 21:40:55,184 INFO  [main] [org.quartz.impl.StdSchedulerFactory.instantiate(StdSchedulerFactory.java:1366)]: Quartz scheduler version: 2.3.0
 2017-06-25 21:40:55,184 INFO  [main] [org.quartz.core.QuartzScheduler.start(QuartzScheduler.java:547)]: Scheduler DefaultQuartzScheduler_$_NON_CLUSTERED started.
 